Arguments: 
  D:\aplication\node.exe C:\Users\24188\AppData\Roaming\npm\node_modules\yarn\bin\yarn.js add gulp gulp-babel gulp-clean-css

PATH: 
  C:\Windows\system32;C:\Windows;C:\Windows\System32\Wbem;C:\Windows\System32\WindowsPowerShell\v1.0\;C:\Windows\System32\OpenSSH\;D:\aplication\download\Git\cmd;D:\aplication\;C:\Program Files\Java\jdk-13.0.2\bin;C:\Program Files\apache-maven-3.5.4\bin;C:\Users\24188\AppData\Local\Microsoft\WindowsApps;;D:\aplication\Microsoft VS Code\bin;C:\Users\24188\AppData\Roaming\npm;C:\Users\24188\AppData\Local\Programs\Microsoft VS Code\bin

Yarn version: 
  1.21.1

Node version: 
  12.13.1

Platform: 
  win32 x64

Trace: 
  Error: https://registry.yarnpkg.com/gulp: ESOCKETTIMEDOUT
      at ClientRequest.<anonymous> (C:\Users\24188\AppData\Roaming\npm\node_modules\yarn\lib\cli.js:141292:19)
      at Object.onceWrapper (events.js:299:28)
      at ClientRequest.emit (events.js:210:5)
      at TLSSocket.emitRequestTimeout (_http_client.js:690:9)
      at Object.onceWrapper (events.js:299:28)
      at TLSSocket.emit (events.js:210:5)
      at TLSSocket.Socket._onTimeout (net.js:469:8)
      at listOnTimeout (internal/timers.js:531:17)
      at processTimers (internal/timers.js:475:7)

npm manifest: 
  No manifest

yarn manifest: 
  No manifest

Lockfile: 
  No lockfile
